<?xml version="1.0" encoding="UTF-8"?>
<testsuite name="ContactTest" tests="7" skipped="0" failures="0" errors="0" timestamp="2016-04-28T22:51:05" hostname="epicodus-30.local" time="0.003">
  <properties/>
  <testcase name="contact_returnCorrectlyName_name" classname="ContactTest" time="0.001"/>
  <testcase name="contact_returnCorrectlyBirthDate_birthDate" classname="ContactTest" time="0.0"/>
  <testcase name="contact_returnCorrectlyLastName_lastName" classname="ContactTest" time="0.0"/>
  <testcase name="contact_canAddANumberToTheContact_number" classname="ContactTest" time="0.0"/>
  <testcase name="contact_returnCorrectlyContactArray_instances" classname="ContactTest" time="0.0"/>
  <testcase name="contact_canAddEmailAddressToTheContact_emailAddress" classname="ContactTest" time="0.0"/>
  <testcase name="contact_instantiatesCorrectly_true" classname="ContactTest" time="0.0"/>
  <system-out><![CDATA[]]></system-out>
  <system-err><![CDATA[]]></system-err>
</testsuite>
