<?xml version="1.0" encoding="UTF-8"?>
<testsuite name="phoneTest" tests="4" skipped="0" failures="0" errors="0" timestamp="2016-04-28T22:51:05" hostname="epicodus-30.local" time="0.001">
  <properties/>
  <testcase name="number_MakingNumberNotPrivate" classname="phoneTest" time="0.0"/>
  <testcase name="areaCode_makingAreaCodeNotPrivate_true" classname="phoneTest" time="0.0"/>
  <testcase name="type_MakingTypeNotPrivate" classname="phoneTest" time="0.001"/>
  <testcase name="number_makingSurePhoneInsantiates_true" classname="phoneTest" time="0.0"/>
  <system-out><![CDATA[]]></system-out>
  <system-err><![CDATA[]]></system-err>
</testsuite>
